<?xml version="1.0" encoding="UTF-8"?>
<!-- Generated by org.testng.reporters.JUnitXMLReporter -->
<testsuite hostname="DESKTOP-GRE55VD" ignored="0" name="Modules" tests="3" failures="0" timestamp="17 Oct 2019 05:00:09 GMT" time="96.367" errors="0">
  <testcase name="Register" time="8.065" classname="com.test.com.test.Test1"/>
  <testcase name="HomePage" time="47.562" classname="com.test.com.test.Test2"/>
  <testcase name="MouseHover" time="6.668" classname="com.test.com.test.Test2"/>
</testsuite> <!-- Modules -->
